Determining if the pthread_create exist failed with the following output:
Change Dir: /home/wpr/LaserSlam/odom_ws/build/CMakeFiles/CMakeTmp

Run Build Command:"/usr/bin/make" "cmTryCompileExec4067106600/fast"
/usr/bin/make -f CMakeFiles/cmTryCompileExec4067106600.dir/build.make CMakeFiles/cmTryCompileExec4067106600.dir/build
make[1]: 正在进入目录 `/home/wpr/LaserSlam/odom_ws/build/CMakeFiles/CMakeTmp'
/usr/bin/cmake -E cmake_progress_report /home/wpr/LaserSlam/odom_ws/build/CMakeFiles/CMakeTmp/CMakeFiles 1
Building C object CMakeFiles/cmTryCompileExec4067106600.dir/CheckSymbolExists.c.o
/usr/bin/cc    -o CMakeFiles/cmTryCompileExec4067106600.dir/CheckSymbolExists.c.o   -c /home/wpr/LaserSlam/odom_ws/build/CMakeFiles/CMakeTmp/CheckSymbolExists.c
Linking C executable cmTryCompileExec4067106600
/usr/bin/cmake -E cmake_link_script CMakeFiles/cmTryCompileExec4067106600.dir/link.txt --verbose=1
/usr/bin/cc       CMakeFiles/cmTryCompileExec4067106600.dir/CheckSymbolExists.c.o  -o cmTryCompileExec4067106600 -rdynamic 
CMakeFiles/cmTryCompileExec4067106600.dir/CheckSymbolExists.c.o：在函数‘main’中：
CheckSymbolExists.c:(.text+0x16)：对‘pthread_create’未定义的引用
collect2: error: ld returned 1 exit status
make[1]:正在离开目录 `/home/wpr/LaserSlam/odom_ws/build/CMakeFiles/CMakeTmp'
make[1]: *** [cmTryCompileExec4067106600] 错误 1
make: *** [cmTryCompileExec4067106600/fast] 错误 2

File /home/wpr/LaserSlam/odom_ws/build/CMakeFiles/CMakeTmp/CheckSymbolExists.c:
/* */
#include <pthread.h>

int main(int argc, char** argv)
{
  (void)argv;
#ifndef pthread_create
  return ((int*)(&pthread_create))[argc];
#else
  (void)argc;
  return 0;
#endif
}

Determining if the function pthread_create exists in the pthreads failed with the following output:
Change Dir: /home/wpr/LaserSlam/odom_ws/build/CMakeFiles/CMakeTmp

Run Build Command:"/usr/bin/make" "cmTryCompileExec3559597204/fast"
/usr/bin/make -f CMakeFiles/cmTryCompileExec3559597204.dir/build.make CMakeFiles/cmTryCompileExec3559597204.dir/build
make[1]: 正在进入目录 `/home/wpr/LaserSlam/odom_ws/build/CMakeFiles/CMakeTmp'
/usr/bin/cmake -E cmake_progress_report /home/wpr/LaserSlam/odom_ws/build/CMakeFiles/CMakeTmp/CMakeFiles 1
Building C object CMakeFiles/cmTryCompileExec3559597204.dir/CheckFunctionExists.c.o
/usr/bin/cc   -DCHECK_FUNCTION_EXISTS=pthread_create   -o CMakeFiles/cmTryCompileExec3559597204.dir/CheckFunctionExists.c.o   -c /usr/share/cmake-3.2/Modules/CheckFunctionExists.c
Linking C executable cmTryCompileExec3559597204
/usr/bin/cmake -E cmake_link_script CMakeFiles/cmTryCompileExec3559597204.dir/link.txt --verbose=1
/usr/bin/cc   -DCHECK_FUNCTION_EXISTS=pthread_create    CMakeFiles/cmTryCompileExec3559597204.dir/CheckFunctionExists.c.o  -o cmTryCompileExec3559597204 -rdynamic -lpthreads 
/usr/bin/ld: 找不到 -lpthreads
collect2: error: ld returned 1 exit status
make[1]: *** [cmTryCompileExec3559597204] 错误 1
make[1]:正在离开目录 `/home/wpr/LaserSlam/odom_ws/build/CMakeFiles/CMakeTmp'
make: *** [cmTryCompileExec3559597204/fast] 错误 2


